C51 COMPILER V9.60.7.0   SWITCH_INTERFACING                                                12/21/2024 23:45:24 PAGE 1   


C51 COMPILER V9.60.7.0, COMPILATION OF MODULE SWITCH_INTERFACING
OBJECT MODULE PLACED IN .\Objects\Switch interfacing.obj
COMPILER INVOKED BY: D:\Keil_v5\C51\BIN\C51.EXE Switch interfacing.c OPTIMIZE(8,SPEED) BROWSE DEBUG OBJECTEXTEND PRINT(.
                    -\Listings\Switch interfacing.lst) TABS(2) OBJECT(.\Objects\Switch interfacing.obj)

line level    source

   1          #include<reg51.h>
   2          sbit led = P2^0;
   3          sbit sw = P2^7;
   4          void delay(unsigned int count)
   5          {
   6   1        unsigned int i;
   7   1        while(count)
   8   1        {
   9   2          i = 115;
  10   2          while(i > 0)
  11   2            i--;
  12   2          count--;
  13   2        }
  14   1      }
  15          void main()
  16          {
  17   1        sw = 1;  //making it one, facilitates the reading of input
  18   1        while(1)
  19   1        {
  20   2          if (sw == 0)
  21   2          {
  22   3            led = 1;
  23   3            delay(1000);
  24   3            led = 0;
  25   3          }
  26   2          else
  27   2          {
  28   3            led = 0;
  29   3          }
  30   2        }
  31   1      }


MODULE INFORMATION:   STATIC OVERLAYABLE
   CODE SIZE        =     47    ----
   CONSTANT SIZE    =   ----    ----
   XDATA SIZE       =   ----    ----
   PDATA SIZE       =   ----    ----
   DATA SIZE        =   ----    ----
   IDATA SIZE       =   ----    ----
   BIT SIZE         =   ----    ----
END OF MODULE INFORMATION.


C51 COMPILATION COMPLETE.  0 WARNING(S),  0 ERROR(S)
