C51 COMPILER V9.60.7.0   7_SEGMENT_DISPLAY_INTERFACING                                     12/29/2024 00:11:21 PAGE 1   


C51 COMPILER V9.60.7.0, COMPILATION OF MODULE 7_SEGMENT_DISPLAY_INTERFACING
OBJECT MODULE PLACED IN .\Objects\7-Segment Display Interfacing.obj
COMPILER INVOKED BY: D:\Keil_v5\C51\BIN\C51.EXE 7-Segment Display Interfacing.c OPTIMIZE(8,SPEED) BROWSE DEBUG OBJECTEXT
                    -END PRINT(.\Listings\7-Segment Display Interfacing.lst) TABS(2) OBJECT(.\Objects\7-Segment Display Interfacing.obj)

line level    source

   1          #include <reg51.h>
   2          #include "7segDisplay.h"
   3          #include "delay.h"
   4          
   5          int main()
   6          {
   7   1        unsigned int port=2;         //Port connected to 7-seg display
   8   1        
   9   1        while(1)
  10   1        {
  11   2          displayNum(0,port);      //display 0
  12   2          delay(1000);
  13   2          displayNum(1,port);      //display 1
  14   2          delay(1000);
  15   2          displayNum(2,port);      //display 2
  16   2          delay(1000);
  17   2          displayNum(3,port);      //display 3
  18   2          delay(1000);
  19   2          displayNum(4,port);      //display 4
  20   2          delay(1000);
  21   2          displayNum(5,port);      //display 5
  22   2          delay(1000);
  23   2          displayNum(6,port);      //display 6
  24   2          delay(1000);
  25   2          displayNum(7,port);      //display 7
  26   2          delay(1000);
  27   2          displayNum(8,port);      //display 8
  28   2          delay(1000);
  29   2          displayNum(9,port);      //display 9
  30   2          delay(1000);
  31   2          displayNum(10,port);      //display decimal(.)
  32   2          delay(1000);
  33   2        }
  34   1      }


MODULE INFORMATION:   STATIC OVERLAYABLE
   CODE SIZE        =    577    ----
   CONSTANT SIZE    =   ----    ----
   XDATA SIZE       =   ----    ----
   PDATA SIZE       =   ----    ----
   DATA SIZE        =   ----       2
   IDATA SIZE       =   ----    ----
   BIT SIZE         =   ----    ----
END OF MODULE INFORMATION.


C51 COMPILATION COMPLETE.  0 WARNING(S),  0 ERROR(S)
