C51 COMPILER V9.60.7.0   ALTERNATE_LED_BLINKING                                            12/21/2024 22:52:31 PAGE 1   


C51 COMPILER V9.60.7.0, COMPILATION OF MODULE ALTERNATE_LED_BLINKING
OBJECT MODULE PLACED IN .\Objects\Alternate_LED_blinking.obj
COMPILER INVOKED BY: D:\Keil_v5\C51\BIN\C51.EXE Alternate_LED_blinking.c OPTIMIZE(8,SPEED) BROWSE DEBUG OBJECTEXTEND PRI
                    -NT(.\Listings\Alternate_LED_blinking.lst) TABS(2) OBJECT(.\Objects\Alternate_LED_blinking.obj)

line level    source

   1          #include<reg51.h>
   2          
   3          void delay(unsigned int count)
   4          {
   5   1        unsigned int i;
   6   1        while(count)
   7   1        {
   8   2          i = 115;
   9   2          while(i > 0)
  10   2            i--;
  11   2          count--;
  12   2        }
  13   1      }
  14          void main()
  15          {
  16   1        while(1)
  17   1        {
  18   2          P3 = 0xAA;
  19   2          delay(500);
  20   2          P3 = 0x55;
  21   2          delay(500);
  22   2        }
  23   1      }


MODULE INFORMATION:   STATIC OVERLAYABLE
   CODE SIZE        =     47    ----
   CONSTANT SIZE    =   ----    ----
   XDATA SIZE       =   ----    ----
   PDATA SIZE       =   ----    ----
   DATA SIZE        =   ----    ----
   IDATA SIZE       =   ----    ----
   BIT SIZE         =   ----    ----
END OF MODULE INFORMATION.


C51 COMPILATION COMPLETE.  0 WARNING(S),  0 ERROR(S)
