C51 COMPILER V9.60.7.0   LCD_INTERFACING__USING_MY_LIBRARY_FUNCTIO                         12/28/2024 19:42:41 PAGE 1   


C51 COMPILER V9.60.7.0, COMPILATION OF MODULE LCD_INTERFACING__USING_MY_LIBRARY_FUNCTIO
OBJECT MODULE PLACED IN .\Objects\LCD Interfacing (using my library functions).obj
COMPILER INVOKED BY: D:\Keil_v5\C51\BIN\C51.EXE LCD Interfacing (using my library functions).c OPTIMIZE(8,SPEED) BROWSE 
                    -DEBUG OBJECTEXTEND PRINT(.\Listings\LCD Interfacing (using my library functions).lst) TABS(2) OBJECT(.\Objects\LCD Inter
                    -facing (using my library functions).obj)

line level    source

   1          #include <reg51.h>
   2          #include "delay.h"
   3          
   4          sbit rs = P1^0;
   5          sbit en = P1^1;
   6          unsigned int port=2;
   7          
   8          #include "LCD.h"   //Declared after rs,en and port declaration i.e rs,en and port are used in LCD.h functi
             -ons
   9          
  10          void main()
  11          {
  12   1        lcd_init();
  13   1        
  14   1        while(1)
  15   1        {
  16   2          lcd_clear();
  17   2          lcd_setcursor(0,0);
  18   2          lcd_printstring("Hello Seth");
  19   2          lcd_setcursor(1,0);
  20   2          lcd_printstring("Welcome");
  21   2          delay(1000);
  22   2        
  23   2          lcd_clear();
  24   2          lcd_setcursor(0,0);
  25   2          lcd_printstring("8051 Project");
  26   2          lcd_setcursor(1,0);
  27   2          lcd_printstring("LCD Interfacing");
  28   2          delay(1000);
  29   2          
  30   2          lcd_clear();
  31   2          lcd_setcursor(0,0);
  32   2          lcd_printstring("Lucky Number");
  33   2          lcd_setcursor(1,0);
  34   2          lcd_printnumber(54321);    //NOTE:Can only print whole numbers from 0 to 65535(0xFFFF) i.e highest 16-b
             -its number
  35   2          delay(1000);
  36   2          
  37   2          lcd_clearRow(0);
  38   2          lcd_printstring("Percentage");
  39   2          lcd_clearRow(1);
  40   2          lcd_printnumber(85);
  41   2          lcd_printchar('%');
  42   2          delay(1000);
  43   2        }
  44   1      }


MODULE INFORMATION:   STATIC OVERLAYABLE
   CODE SIZE        =    891    ----
   CONSTANT SIZE    =     88    ----
   XDATA SIZE       =   ----    ----
   PDATA SIZE       =   ----    ----
C51 COMPILER V9.60.7.0   LCD_INTERFACING__USING_MY_LIBRARY_FUNCTIO                         12/28/2024 19:42:41 PAGE 2   

   DATA SIZE        =      2      26
   IDATA SIZE       =   ----    ----
   BIT SIZE         =   ----    ----
END OF MODULE INFORMATION.


C51 COMPILATION COMPLETE.  0 WARNING(S),  0 ERROR(S)
