C51 COMPILER V9.60.7.0   LEDBLINK                                                          12/21/2024 22:15:01 PAGE 1   


C51 COMPILER V9.60.7.0, COMPILATION OF MODULE LEDBLINK
OBJECT MODULE PLACED IN .\Objects\ledblink.obj
COMPILER INVOKED BY: D:\Keil_v5\C51\BIN\C51.EXE ledblink.c OPTIMIZE(8,SPEED) BROWSE DEBUG OBJECTEXTEND PRINT(.\Listings\
                    -ledblink.lst) TABS(2) OBJECT(.\Objects\ledblink.obj)

line level    source

   1          #include<reg51.h>
   2          
   3          void delay(unsigned int count)
   4          {
   5   1        unsigned int i;
   6   1        while(count)
   7   1        {
   8   2          i = 115;
   9   2          while(i > 0)
  10   2            i--;
  11   2          count--;
  12   2        }
  13   1      }
  14          
  15          sbit led1 = P2^0;
  16          void main()
  17          {
  18   1        P2 = 0x00;
  19   1        while(1)
  20   1        {
  21   2          led1 = 0;
  22   2          delay(500);
  23   2          led1 = 1;
  24   2          delay(500);
  25   2        }
  26   1      }


MODULE INFORMATION:   STATIC OVERLAYABLE
   CODE SIZE        =     48    ----
   CONSTANT SIZE    =   ----    ----
   XDATA SIZE       =   ----    ----
   PDATA SIZE       =   ----    ----
   DATA SIZE        =   ----    ----
   IDATA SIZE       =   ----    ----
   BIT SIZE         =   ----    ----
END OF MODULE INFORMATION.


C51 COMPILATION COMPLETE.  0 WARNING(S),  0 ERROR(S)
