C51 COMPILER V9.60.7.0   KEYPAD_INTERFACING_2                                              01/01/2025 18:06:46 PAGE 1   


C51 COMPILER V9.60.7.0, COMPILATION OF MODULE KEYPAD_INTERFACING_2
OBJECT MODULE PLACED IN .\Objects\Keypad Interfacing 2.obj
COMPILER INVOKED BY: D:\Keil_v5\C51\BIN\C51.EXE Keypad Interfacing 2.c OPTIMIZE(8,SPEED) BROWSE DEBUG OBJECTEXTEND PRINT
                    -(.\Listings\Keypad Interfacing 2.lst) TABS(2) OBJECT(.\Objects\Keypad Interfacing 2.obj)

line level    source

   1          #include <reg51.h>
   2          #include "delay.h"
   3          
   4          sbit rs = P1^0;
   5          sbit en = P1^1;
   6          unsigned int lcd_port=2;
   7          
   8          #include "LCD.h"
   9          
  10          unsigned int keypad_port=3;
  11          unsigned int keypad_totalrows=4,keypad_totalcolumnns=3;
  12          unsigned int keypad_rowpins[]={4,5,6,7};
  13          unsigned int keypad_columnpins[]={0,1,2};
  14          unsigned char keys[4][3] = {{'1','2','3'},{'4','5','6'},{'7','8','9'},{'*','0','#'}};
  15          
  16          #include "Keypad.h"
  17          
  18          
  19          int main()
  20          {
  21   1        unsigned int key_pressed;
  22   1        unsigned char key;
  23   1        
  24   1        lcd_init();     //Intialises LCD Display
  25   1        lcd_clear();
  26   1        lcd_setcursor(0,0);
  27   1        lcd_printstring("LCD ON");
  28   1        delay(1000);
  29   1        
  30   1        lcd_clear();
  31   1        lcd_setcursor(0,0);
  32   1        
  33   1        while(1)
  34   1        {
  35   2          key_pressed = checkkeypad();     //Checking if there is any pressed key
  36   2          while(key_pressed == 1)
  37   2          {
  38   3            key = getkey();
  39   3            lcd_printchar(key);
  40   3            
  41   3            delay(1000);
  42   3          }
  43   2        }
  44   1      }


MODULE INFORMATION:   STATIC OVERLAYABLE
   CODE SIZE        =   2382    ----
   CONSTANT SIZE    =     23    ----
   XDATA SIZE       =   ----    ----
   PDATA SIZE       =   ----    ----
   DATA SIZE        =     34      34
   IDATA SIZE       =   ----    ----
   BIT SIZE         =   ----    ----
C51 COMPILER V9.60.7.0   KEYPAD_INTERFACING_2                                              01/01/2025 18:06:46 PAGE 2   

END OF MODULE INFORMATION.


C51 COMPILATION COMPLETE.  0 WARNING(S),  0 ERROR(S)
